<?xml version="1.0" encoding="UTF-8"?>
<testng-results ignored="0" total="1" passed="1" failed="0" skipped="0">
  <reporter-output>
  </reporter-output>
  <suite started-at="2021-06-06T19:59:20 IST" name="Automation Testing" finished-at="2021-06-06T20:00:14 IST" duration-ms="54920">
    <groups>
    </groups>
    <test started-at="2021-06-06T19:59:20 IST" name="Interview Seln" finished-at="2021-06-06T20:00:14 IST" duration-ms="54920">
      <class name="test.testClass">
        <test-method is-config="true" signature="setUp()[pri:0, instance:test.testClass@1a451d4d]" started-at="2021-06-06T19:59:20 IST" name="setUp" finished-at="2021-06-06T19:59:47 IST" duration-ms="27571" status="PASS">
          <reporter-output>
          </reporter-output>
        </test-method> <!-- setUp -->
        <test-method signature="ClientCreationAndValidation()[pri:0, instance:test.testClass@1a451d4d]" started-at="2021-06-06T19:59:47 IST" name="ClientCreationAndValidation" finished-at="2021-06-06T20:00:13 IST" duration-ms="25992" status="PASS">
          <reporter-output>
          </reporter-output>
        </test-method> <!-- ClientCreationAndValidation -->
        <test-method is-config="true" signature="endTest()[pri:0, instance:test.testClass@1a451d4d]" started-at="2021-06-06T20:00:13 IST" name="endTest" finished-at="2021-06-06T20:00:14 IST" duration-ms="1261" status="PASS">
          <reporter-output>
          </reporter-output>
        </test-method> <!-- endTest -->
      </class> <!-- test.testClass -->
    </test> <!-- Interview Seln -->
  </suite> <!-- Automation Testing -->
</testng-results>
